<?xml version="1.0" encoding="UTF-8"?>
<!-- Generated by org.testng.reporters.JUnitReportReporter -->
<testsuite hostname="DESKTOP-0KTUETN" name="cn.yifeiyun.dome1.demo1.suites.Testdemo" tests="1" failures="0" timestamp="27 Feb 2017 10:57:43 GMT" time="6.705" errors="0">
  <testcase name="email_login" time="6.705" classname="cn.yifeiyun.dome1.demo1.suites.Testdemo"/>
</testsuite> <!-- cn.yifeiyun.dome1.demo1.suites.Testdemo -->
