<?xml version="1.0" encoding="UTF-8"?>
<!-- Generated by org.testng.reporters.JUnitReportReporter -->
<testsuite hostname="DESKTOP-0KTUETN" name="cn.yifeiyun.dome1.demo1.suites.Regester" tests="1" failures="0" timestamp="27 Feb 2017 11:28:46 GMT" time="144.410" errors="0">
  <testcase name="login" time="144.410" classname="cn.yifeiyun.dome1.demo1.suites.Regester"/>
</testsuite> <!-- cn.yifeiyun.dome1.demo1.suites.Regester -->
